<?xml version="1.0" encoding="UTF-8"?>
<testsuites name="Login_TS" time="17.008" tests="1" failures="0" errors="0">
   <testsuite name="Login_TS" tests="1" failures="0" errors="0" time="17.008" skipped="0" timestamp="10-09-2024T00:41:43" hostname="HP - DESKTOP-5RM501L" id="Test Suites/Login_TS">
      <properties>
         <property name="deviceName" value=""/>
         <property name="devicePlatform"/>
         <property name="logFolder" value="C:\\Users\\HP\\Katalon Studio\\exploring_katalon01\\Reports\\20240910_004127\\Login_TS\\20240910_004127"/>
         <property name="logFiles" value="C:\\Users\\HP\\Katalon Studio\\exploring_katalon01\\Reports\\20240910_004127\\Login_TS\\20240910_004127\\execution0.log"/>
         <property name="attachments" value=""/>
         <property name="hostName" value="HP - DESKTOP-5RM501L"/>
         <property name="os" value="Windows 11 64bit"/>
         <property name="katalonVersion" value="9.6.0.217"/>
         <property name="browser" value="Chrome 128.0.0.0"/>
         <property name="hostAddress" value="192.168.56.1"/>
         <property name="sessionId" value="ff7be23333e9a801919cd41927d08689"/>
         <property name="seleniumVersion" value="3.141.59"/>
         <property name="proxyInformation" value="ProxyInformation { proxyOption=NO_PROXY, proxyServerType=HTTP, username=, password=********, proxyServerAddress=, proxyServerPort=0, executionList=&quot;&quot;, isApplyToDesiredCapabilities=true }"/>
         <property name="platform" value="Windows 11"/>
      </properties>
      <testcase name="Test Cases/Logion_TS" time="16.645" classname="Test Cases/Logion_TS" status="PASSED">
         <system-out><![CDATA[10-09-2024T00:41:43 - [TEST_CASE][PASSED] - Test Cases/Logion_TS: Test Cases/Logion_TS

10-09-2024T00:41:44 - [TEST_STEP][PASSED] - openBrowser(""): Browser is opened with url: ''

10-09-2024T00:41:44 - [MESSAGE][INFO] - Starting 'Chrome' driver

10-09-2024T00:41:44 - [MESSAGE][INFO] - Action delay is set to 0 milliseconds

10-09-2024T00:41:47 - [MESSAGE][PASSED] - Browser is opened with url: ''

10-09-2024T00:41:47 - [TEST_STEP][PASSED] - navigateToUrl("https://katalon-demo-cura.herokuapp.com/"): Navigate to 'https://katalon-demo-cura.herokuapp.com/' successfully

10-09-2024T00:41:52 - [MESSAGE][PASSED] - Navigate to 'https://katalon-demo-cura.herokuapp.com/' successfully

10-09-2024T00:41:52 - [TEST_STEP][PASSED] - click(findTestObject("Object Repository/Login_TS/Page_CURA Healthcare Service/i_CURA Healthcare_fa fa-bars")): Object: 'Object Repository/Login_TS/Page_CURA Healthcare Service/i_CURA Healthcare_fa fa-bars' is clicked on

10-09-2024T00:41:52 - [MESSAGE][PASSED] - Object: 'Object Repository/Login_TS/Page_CURA Healthcare Service/i_CURA Healthcare_fa fa-bars' is clicked on

10-09-2024T00:41:52 - [TEST_STEP][PASSED] - click(findTestObject("Object Repository/Login_TS/Page_CURA Healthcare Service/a_Login")): Object: 'Object Repository/Login_TS/Page_CURA Healthcare Service/a_Login' is clicked on

10-09-2024T00:41:54 - [MESSAGE][PASSED] - Object: 'Object Repository/Login_TS/Page_CURA Healthcare Service/a_Login' is clicked on

10-09-2024T00:41:54 - [TEST_STEP][PASSED] - setText(findTestObject("Object Repository/Login_TS/Page_CURA Healthcare Service/input_Username_username"), "John Doe"): Text 'John Doe' is set on object 'Object Repository/Login_TS/Page_CURA Healthcare Service/input_Username_username'

10-09-2024T00:41:54 - [MESSAGE][PASSED] - Text 'John Doe' is set on object 'Object Repository/Login_TS/Page_CURA Healthcare Service/input_Username_username'

10-09-2024T00:41:54 - [TEST_STEP][PASSED] - setEncryptedText(findTestObject("Object Repository/Login_TS/Page_CURA Healthcare Service/input_Password_password"), "g3/DOGG74jC3Flrr3yH+3D/yKbOqqUNM"): Text ****** has been set on object 'Object Repository/Login_TS/Page_CURA Healthcare Service/input_Password_password'

10-09-2024T00:41:55 - [MESSAGE][PASSED] - Text ****** has been set on object 'Object Repository/Login_TS/Page_CURA Healthcare Service/input_Password_password'

10-09-2024T00:41:55 - [TEST_STEP][PASSED] - click(findTestObject("Object Repository/Login_TS/Page_CURA Healthcare Service/button_Login")): Object: 'Object Repository/Login_TS/Page_CURA Healthcare Service/button_Login' is clicked on

10-09-2024T00:41:56 - [MESSAGE][PASSED] - Object: 'Object Repository/Login_TS/Page_CURA Healthcare Service/button_Login' is clicked on

10-09-2024T00:41:56 - [TEST_STEP][PASSED] - click(findTestObject("Object Repository/Login_TS/Page_CURA Healthcare Service/a_CURA Healthcare_menu-toggle")): Object: 'Object Repository/Login_TS/Page_CURA Healthcare Service/a_CURA Healthcare_menu-toggle' is clicked on

10-09-2024T00:41:57 - [MESSAGE][PASSED] - Object: 'Object Repository/Login_TS/Page_CURA Healthcare Service/a_CURA Healthcare_menu-toggle' is clicked on

10-09-2024T00:41:57 - [TEST_STEP][PASSED] - click(findTestObject("Object Repository/Login_TS/Page_CURA Healthcare Service/a_Logout")): Object: 'Object Repository/Login_TS/Page_CURA Healthcare Service/a_Logout' is clicked on

10-09-2024T00:41:59 - [MESSAGE][PASSED] - Object: 'Object Repository/Login_TS/Page_CURA Healthcare Service/a_Logout' is clicked on

10-09-2024T00:41:59 - [TEST_STEP][PASSED] - closeBrowser(): Browser is closed

10-09-2024T00:42:00 - [MESSAGE][PASSED] - Browser is closed]]></system-out>
         <system-err><![CDATA[]]></system-err>
      </testcase>
      <system-out><![CDATA[10-09-2024T00:41:43 - [TEST_SUITE][PASSED] - Login_TS: Test Cases/Logion_TS]]></system-out>
      <system-err><![CDATA[]]></system-err>
   </testsuite>
</testsuites>
